#-----------------------------------------------------------
# Vivado v2018.2 (64-bit)
# SW Build 2258646 on Thu Jun 14 20:03:12 MDT 2018
# IP Build 2256618 on Thu Jun 14 22:10:49 MDT 2018
# Start of session at: Tue Apr 11 21:54:56 2023
# Process ID: 9784
# Current directory: C:/Users/obaid/Desktop/Processor_Module
# Command line: vivado.exe -gui_launcher_event rodinguilauncherevent18640 C:\Users\obaid\Desktop\Processor_Module\Processor_Module.xpr
# Log file: C:/Users/obaid/Desktop/Processor_Module/vivado.log
# Journal file: C:/Users/obaid/Desktop/Processor_Module\vivado.jou
#-----------------------------------------------------------
start_gui
open_project C:/Users/obaid/Desktop/Processor_Module/Processor_Module.xpr
Scanning sources...
Finished scanning sources
INFO: [IP_Flow 19-234] Refreshing IP repositories
INFO: [IP_Flow 19-1704] No user IP repositories specified
INFO: [IP_Flow 19-2313] Loaded Vivado IP repository 'C:/Xilinx/Vivado/2018.2/data/ip'.
open_project: Time (s): cpu = 00:00:22 ; elapsed = 00:00:24 . Memory (MB): peak = 931.840 ; gain = 182.477
update_compile_order -fileset sources_1
synth_design -rtl -name rtl_1
Command: synth_design -rtl -name rtl_1
Starting synth_design
Using part: xc7a100tcsg324-1
Top: Processor
---------------------------------------------------------------------------------
Starting RTL Elaboration : Time (s): cpu = 00:00:08 ; elapsed = 00:00:07 . Memory (MB): peak = 1020.184 ; gain = 85.254
---------------------------------------------------------------------------------
INFO: [Synth 8-6157] synthesizing module 'Processor' [C:/Users/obaid/Desktop/Processor_Module/Processor_Module.srcs/sources_1/new/Processor.v:23]
INFO: [Synth 8-6157] synthesizing module 'cu' [C:/Users/obaid/Desktop/Processor_Module/Processor_Module.srcs/sources_1/new/cu.v:23]
	Parameter RESET bound to: 0 - type: integer 
	Parameter FETCH bound to: 1 - type: integer 
	Parameter DECODE bound to: 2 - type: integer 
	Parameter ADD bound to: 3 - type: integer 
	Parameter SUB bound to: 4 - type: integer 
	Parameter CMP bound to: 5 - type: integer 
	Parameter MOV bound to: 6 - type: integer 
	Parameter INC bound to: 7 - type: integer 
	Parameter DEC bound to: 8 - type: integer 
	Parameter SHL bound to: 9 - type: integer 
	Parameter SHR bound to: 10 - type: integer 
	Parameter LD bound to: 11 - type: integer 
	Parameter STO bound to: 12 - type: integer 
	Parameter LDI bound to: 13 - type: integer 
	Parameter JE bound to: 14 - type: integer 
	Parameter JNE bound to: 15 - type: integer 
	Parameter JC bound to: 16 - type: integer 
	Parameter JMP bound to: 17 - type: integer 
	Parameter HALT bound to: 18 - type: integer 
	Parameter ILLEGAL_OP bound to: 31 - type: integer 
INFO: [Synth 8-155] case statement is not full and has no default [C:/Users/obaid/Desktop/Processor_Module/Processor_Module.srcs/sources_1/new/cu.v:88]
WARNING: [Synth 8-567] referenced signal 'ps_N' should be on the sensitivity list [C:/Users/obaid/Desktop/Processor_Module/Processor_Module.srcs/sources_1/new/cu.v:87]
WARNING: [Synth 8-567] referenced signal 'ps_Z' should be on the sensitivity list [C:/Users/obaid/Desktop/Processor_Module/Processor_Module.srcs/sources_1/new/cu.v:87]
WARNING: [Synth 8-567] referenced signal 'ps_C' should be on the sensitivity list [C:/Users/obaid/Desktop/Processor_Module/Processor_Module.srcs/sources_1/new/cu.v:87]
WARNING: [Synth 8-567] referenced signal 'IR' should be on the sensitivity list [C:/Users/obaid/Desktop/Processor_Module/Processor_Module.srcs/sources_1/new/cu.v:87]
WARNING: [Synth 8-567] referenced signal 'N' should be on the sensitivity list [C:/Users/obaid/Desktop/Processor_Module/Processor_Module.srcs/sources_1/new/cu.v:87]
WARNING: [Synth 8-567] referenced signal 'Z' should be on the sensitivity list [C:/Users/obaid/Desktop/Processor_Module/Processor_Module.srcs/sources_1/new/cu.v:87]
WARNING: [Synth 8-567] referenced signal 'C' should be on the sensitivity list [C:/Users/obaid/Desktop/Processor_Module/Processor_Module.srcs/sources_1/new/cu.v:87]
INFO: [Synth 8-6155] done synthesizing module 'cu' (1#1) [C:/Users/obaid/Desktop/Processor_Module/Processor_Module.srcs/sources_1/new/cu.v:23]
INFO: [Synth 8-6157] synthesizing module 'CPU_EU' [C:/Users/obaid/Desktop/Processor_Module/Processor_Module.srcs/sources_1/new/CPU_EU.v:23]
INFO: [Synth 8-6157] synthesizing module 'IR' [C:/Users/obaid/Desktop/Processor_Module/Processor_Module.srcs/sources_1/new/IR.v:23]
INFO: [Synth 8-6155] done synthesizing module 'IR' (2#1) [C:/Users/obaid/Desktop/Processor_Module/Processor_Module.srcs/sources_1/new/IR.v:23]
INFO: [Synth 8-6157] synthesizing module 'IDP' [C:/Users/obaid/Desktop/Processor_Module/Processor_Module.srcs/sources_1/new/IDP.v:23]
INFO: [Synth 8-6157] synthesizing module 'Register_File' [C:/Users/obaid/Desktop/Processor_Module/Processor_Module.srcs/sources_1/new/Register_File.v:23]
INFO: [Synth 8-6157] synthesizing module 'reg16' [C:/Users/obaid/Desktop/Processor_Module/Processor_Module.srcs/sources_1/new/reg16.v:23]
INFO: [Synth 8-6155] done synthesizing module 'reg16' (3#1) [C:/Users/obaid/Desktop/Processor_Module/Processor_Module.srcs/sources_1/new/reg16.v:23]
WARNING: [Synth 8-3848] Net r0_ld in module/entity Register_File does not have driver. [C:/Users/obaid/Desktop/Processor_Module/Processor_Module.srcs/sources_1/new/Register_File.v:41]
WARNING: [Synth 8-3848] Net r0_oea in module/entity Register_File does not have driver. [C:/Users/obaid/Desktop/Processor_Module/Processor_Module.srcs/sources_1/new/Register_File.v:41]
WARNING: [Synth 8-3848] Net r0_oeb in module/entity Register_File does not have driver. [C:/Users/obaid/Desktop/Processor_Module/Processor_Module.srcs/sources_1/new/Register_File.v:41]
WARNING: [Synth 8-3848] Net r1_ld in module/entity Register_File does not have driver. [C:/Users/obaid/Desktop/Processor_Module/Processor_Module.srcs/sources_1/new/Register_File.v:40]
WARNING: [Synth 8-3848] Net r1_oea in module/entity Register_File does not have driver. [C:/Users/obaid/Desktop/Processor_Module/Processor_Module.srcs/sources_1/new/Register_File.v:40]
WARNING: [Synth 8-3848] Net r1_oeb in module/entity Register_File does not have driver. [C:/Users/obaid/Desktop/Processor_Module/Processor_Module.srcs/sources_1/new/Register_File.v:40]
WARNING: [Synth 8-3848] Net r2_ld in module/entity Register_File does not have driver. [C:/Users/obaid/Desktop/Processor_Module/Processor_Module.srcs/sources_1/new/Register_File.v:39]
WARNING: [Synth 8-3848] Net r2_oea in module/entity Register_File does not have driver. [C:/Users/obaid/Desktop/Processor_Module/Processor_Module.srcs/sources_1/new/Register_File.v:39]
WARNING: [Synth 8-3848] Net r2_oeb in module/entity Register_File does not have driver. [C:/Users/obaid/Desktop/Processor_Module/Processor_Module.srcs/sources_1/new/Register_File.v:39]
WARNING: [Synth 8-3848] Net r3_ld in module/entity Register_File does not have driver. [C:/Users/obaid/Desktop/Processor_Module/Processor_Module.srcs/sources_1/new/Register_File.v:38]
WARNING: [Synth 8-3848] Net r3_oea in module/entity Register_File does not have driver. [C:/Users/obaid/Desktop/Processor_Module/Processor_Module.srcs/sources_1/new/Register_File.v:38]
WARNING: [Synth 8-3848] Net r3_oeb in module/entity Register_File does not have driver. [C:/Users/obaid/Desktop/Processor_Module/Processor_Module.srcs/sources_1/new/Register_File.v:38]
WARNING: [Synth 8-3848] Net r4_ld in module/entity Register_File does not have driver. [C:/Users/obaid/Desktop/Processor_Module/Processor_Module.srcs/sources_1/new/Register_File.v:37]
WARNING: [Synth 8-3848] Net r4_oea in module/entity Register_File does not have driver. [C:/Users/obaid/Desktop/Processor_Module/Processor_Module.srcs/sources_1/new/Register_File.v:37]
WARNING: [Synth 8-3848] Net r4_oeb in module/entity Register_File does not have driver. [C:/Users/obaid/Desktop/Processor_Module/Processor_Module.srcs/sources_1/new/Register_File.v:37]
WARNING: [Synth 8-3848] Net r5_ld in module/entity Register_File does not have driver. [C:/Users/obaid/Desktop/Processor_Module/Processor_Module.srcs/sources_1/new/Register_File.v:36]
WARNING: [Synth 8-3848] Net r5_oea in module/entity Register_File does not have driver. [C:/Users/obaid/Desktop/Processor_Module/Processor_Module.srcs/sources_1/new/Register_File.v:36]
WARNING: [Synth 8-3848] Net r5_oeb in module/entity Register_File does not have driver. [C:/Users/obaid/Desktop/Processor_Module/Processor_Module.srcs/sources_1/new/Register_File.v:36]
WARNING: [Synth 8-3848] Net r6_ld in module/entity Register_File does not have driver. [C:/Users/obaid/Desktop/Processor_Module/Processor_Module.srcs/sources_1/new/Register_File.v:35]
WARNING: [Synth 8-3848] Net r6_oea in module/entity Register_File does not have driver. [C:/Users/obaid/Desktop/Processor_Module/Processor_Module.srcs/sources_1/new/Register_File.v:35]
WARNING: [Synth 8-3848] Net r6_oeb in module/entity Register_File does not have driver. [C:/Users/obaid/Desktop/Processor_Module/Processor_Module.srcs/sources_1/new/Register_File.v:35]
WARNING: [Synth 8-3848] Net r7_ld in module/entity Register_File does not have driver. [C:/Users/obaid/Desktop/Processor_Module/Processor_Module.srcs/sources_1/new/Register_File.v:34]
WARNING: [Synth 8-3848] Net r7_oea in module/entity Register_File does not have driver. [C:/Users/obaid/Desktop/Processor_Module/Processor_Module.srcs/sources_1/new/Register_File.v:34]
WARNING: [Synth 8-3848] Net r7_oeb in module/entity Register_File does not have driver. [C:/Users/obaid/Desktop/Processor_Module/Processor_Module.srcs/sources_1/new/Register_File.v:34]
INFO: [Synth 8-6155] done synthesizing module 'Register_File' (4#1) [C:/Users/obaid/Desktop/Processor_Module/Processor_Module.srcs/sources_1/new/Register_File.v:23]
INFO: [Synth 8-6157] synthesizing module 'ALU' [C:/Users/obaid/Desktop/Processor_Module/Processor_Module.srcs/sources_1/new/ALU.v:23]
INFO: [Synth 8-6155] done synthesizing module 'ALU' (5#1) [C:/Users/obaid/Desktop/Processor_Module/Processor_Module.srcs/sources_1/new/ALU.v:23]
WARNING: [Synth 8-689] width (1) of port connection 'N' does not match port width (16) of module 'ALU' [C:/Users/obaid/Desktop/Processor_Module/Processor_Module.srcs/sources_1/new/IDP.v:55]
WARNING: [Synth 8-689] width (1) of port connection 'Z' does not match port width (16) of module 'ALU' [C:/Users/obaid/Desktop/Processor_Module/Processor_Module.srcs/sources_1/new/IDP.v:55]
WARNING: [Synth 8-689] width (1) of port connection 'C' does not match port width (16) of module 'ALU' [C:/Users/obaid/Desktop/Processor_Module/Processor_Module.srcs/sources_1/new/IDP.v:55]
INFO: [Synth 8-6155] done synthesizing module 'IDP' (6#1) [C:/Users/obaid/Desktop/Processor_Module/Processor_Module.srcs/sources_1/new/IDP.v:23]
INFO: [Synth 8-6157] synthesizing module 'PC' [C:/Users/obaid/Desktop/Processor_Module/Processor_Module.srcs/sources_1/new/PC.v:23]
INFO: [Synth 8-6155] done synthesizing module 'PC' (7#1) [C:/Users/obaid/Desktop/Processor_Module/Processor_Module.srcs/sources_1/new/PC.v:23]
INFO: [Synth 8-6155] done synthesizing module 'CPU_EU' (8#1) [C:/Users/obaid/Desktop/Processor_Module/Processor_Module.srcs/sources_1/new/CPU_EU.v:23]
INFO: [Synth 8-6155] done synthesizing module 'Processor' (9#1) [C:/Users/obaid/Desktop/Processor_Module/Processor_Module.srcs/sources_1/new/Processor.v:23]
WARNING: [Synth 8-3331] design Register_File has unconnected port W_Adr[2]
WARNING: [Synth 8-3331] design Register_File has unconnected port W_Adr[1]
WARNING: [Synth 8-3331] design Register_File has unconnected port W_Adr[0]
WARNING: [Synth 8-3331] design Register_File has unconnected port we
WARNING: [Synth 8-3331] design Register_File has unconnected port R_Adr[2]
WARNING: [Synth 8-3331] design Register_File has unconnected port R_Adr[1]
WARNING: [Synth 8-3331] design Register_File has unconnected port R_Adr[0]
WARNING: [Synth 8-3331] design Register_File has unconnected port S_Adr[2]
WARNING: [Synth 8-3331] design Register_File has unconnected port S_Adr[1]
WARNING: [Synth 8-3331] design Register_File has unconnected port S_Adr[0]
---------------------------------------------------------------------------------
Finished RTL Elaboration : Time (s): cpu = 00:00:10 ; elapsed = 00:00:09 . Memory (MB): peak = 1066.469 ; gain = 131.539
---------------------------------------------------------------------------------

Report Check Netlist: 
+------+------------------+-------+---------+-------+------------------+
|      |Item              |Errors |Warnings |Status |Description       |
+------+------------------+-------+---------+-------+------------------+
|1     |multi_driven_nets |      0|        0|Passed |Multi driven nets |
+------+------------------+-------+---------+-------+------------------+
WARNING: [Synth 8-3295] tying undriven pin R7:ld to constant 0 [C:/Users/obaid/Desktop/Processor_Module/Processor_Module.srcs/sources_1/new/Register_File.v:55]
WARNING: [Synth 8-3295] tying undriven pin R7:oeA to constant 0 [C:/Users/obaid/Desktop/Processor_Module/Processor_Module.srcs/sources_1/new/Register_File.v:55]
WARNING: [Synth 8-3295] tying undriven pin R7:oeB to constant 0 [C:/Users/obaid/Desktop/Processor_Module/Processor_Module.srcs/sources_1/new/Register_File.v:55]
WARNING: [Synth 8-3295] tying undriven pin R6:ld to constant 0 [C:/Users/obaid/Desktop/Processor_Module/Processor_Module.srcs/sources_1/new/Register_File.v:56]
WARNING: [Synth 8-3295] tying undriven pin R6:oeA to constant 0 [C:/Users/obaid/Desktop/Processor_Module/Processor_Module.srcs/sources_1/new/Register_File.v:56]
WARNING: [Synth 8-3295] tying undriven pin R6:oeB to constant 0 [C:/Users/obaid/Desktop/Processor_Module/Processor_Module.srcs/sources_1/new/Register_File.v:56]
WARNING: [Synth 8-3295] tying undriven pin R5:ld to constant 0 [C:/Users/obaid/Desktop/Processor_Module/Processor_Module.srcs/sources_1/new/Register_File.v:57]
WARNING: [Synth 8-3295] tying undriven pin R5:oeA to constant 0 [C:/Users/obaid/Desktop/Processor_Module/Processor_Module.srcs/sources_1/new/Register_File.v:57]
WARNING: [Synth 8-3295] tying undriven pin R5:oeB to constant 0 [C:/Users/obaid/Desktop/Processor_Module/Processor_Module.srcs/sources_1/new/Register_File.v:57]
WARNING: [Synth 8-3295] tying undriven pin R4:ld to constant 0 [C:/Users/obaid/Desktop/Processor_Module/Processor_Module.srcs/sources_1/new/Register_File.v:58]
WARNING: [Synth 8-3295] tying undriven pin R4:oeA to constant 0 [C:/Users/obaid/Desktop/Processor_Module/Processor_Module.srcs/sources_1/new/Register_File.v:58]
WARNING: [Synth 8-3295] tying undriven pin R4:oeB to constant 0 [C:/Users/obaid/Desktop/Processor_Module/Processor_Module.srcs/sources_1/new/Register_File.v:58]
WARNING: [Synth 8-3295] tying undriven pin R3:ld to constant 0 [C:/Users/obaid/Desktop/Processor_Module/Processor_Module.srcs/sources_1/new/Register_File.v:59]
WARNING: [Synth 8-3295] tying undriven pin R3:oeA to constant 0 [C:/Users/obaid/Desktop/Processor_Module/Processor_Module.srcs/sources_1/new/Register_File.v:59]
WARNING: [Synth 8-3295] tying undriven pin R3:oeB to constant 0 [C:/Users/obaid/Desktop/Processor_Module/Processor_Module.srcs/sources_1/new/Register_File.v:59]
WARNING: [Synth 8-3295] tying undriven pin R2:ld to constant 0 [C:/Users/obaid/Desktop/Processor_Module/Processor_Module.srcs/sources_1/new/Register_File.v:60]
WARNING: [Synth 8-3295] tying undriven pin R2:oeA to constant 0 [C:/Users/obaid/Desktop/Processor_Module/Processor_Module.srcs/sources_1/new/Register_File.v:60]
WARNING: [Synth 8-3295] tying undriven pin R2:oeB to constant 0 [C:/Users/obaid/Desktop/Processor_Module/Processor_Module.srcs/sources_1/new/Register_File.v:60]
WARNING: [Synth 8-3295] tying undriven pin R1:ld to constant 0 [C:/Users/obaid/Desktop/Processor_Module/Processor_Module.srcs/sources_1/new/Register_File.v:61]
WARNING: [Synth 8-3295] tying undriven pin R1:oeA to constant 0 [C:/Users/obaid/Desktop/Processor_Module/Processor_Module.srcs/sources_1/new/Register_File.v:61]
WARNING: [Synth 8-3295] tying undriven pin R1:oeB to constant 0 [C:/Users/obaid/Desktop/Processor_Module/Processor_Module.srcs/sources_1/new/Register_File.v:61]
WARNING: [Synth 8-3295] tying undriven pin R0:ld to constant 0 [C:/Users/obaid/Desktop/Processor_Module/Processor_Module.srcs/sources_1/new/Register_File.v:62]
WARNING: [Synth 8-3295] tying undriven pin R0:oeA to constant 0 [C:/Users/obaid/Desktop/Processor_Module/Processor_Module.srcs/sources_1/new/Register_File.v:62]
WARNING: [Synth 8-3295] tying undriven pin R0:oeB to constant 0 [C:/Users/obaid/Desktop/Processor_Module/Processor_Module.srcs/sources_1/new/Register_File.v:62]
---------------------------------------------------------------------------------
Start Handling Custom Attributes
---------------------------------------------------------------------------------
---------------------------------------------------------------------------------
Finished Handling Custom Attributes : Time (s): cpu = 00:00:10 ; elapsed = 00:00:10 . Memory (MB): peak = 1066.469 ; gain = 131.539
---------------------------------------------------------------------------------
---------------------------------------------------------------------------------
Finished RTL Optimization Phase 1 : Time (s): cpu = 00:00:10 ; elapsed = 00:00:10 . Memory (MB): peak = 1066.469 ; gain = 131.539
---------------------------------------------------------------------------------
INFO: [Device 21-403] Loading part xc7a100tcsg324-1
INFO: [Project 1-570] Preparing netlist for logic optimization

Processing XDC Constraints
Initializing timing engine
Completed Processing XDC Constraints

INFO: [Opt 31-138] Pushed 0 inverter(s) to 0 load pin(s).
INFO: [Project 1-111] Unisim Transformation Summary:
No Unisim elements were transformed.

RTL Elaboration Complete:  : Time (s): cpu = 00:00:44 ; elapsed = 00:00:40 . Memory (MB): peak = 1463.277 ; gain = 528.348
23 Infos, 68 Warnings, 0 Critical Warnings and 0 Errors encountered.
synth_design completed successfully
synth_design: Time (s): cpu = 00:00:45 ; elapsed = 00:00:41 . Memory (MB): peak = 1463.277 ; gain = 528.348
